2025-03-30 12:26:54,012 INFO  [main] org.apache.http.impl.client.DefaultHttpClient: I/O exception (java.net.SocketException) caught when connecting to {s}->https://petstore.swagger.io:443: Connection reset
2025-03-30 12:26:54,020 INFO  [main] org.apache.http.impl.client.DefaultHttpClient: Retrying connect to {s}->https://petstore.swagger.io:443
2025-03-31 15:53:49,877 INFO  [main] api.test.UserTest: -------Creating User----------
2025-03-31 15:53:58,617 INFO  [main] api.test.UserTest: -------Created user----------
2025-03-31 15:53:58,632 INFO  [main] api.test.UserTest: -------Getting User----------
2025-03-31 15:54:05,203 INFO  [main] api.test.UserTest: -------viewed User----------
2025-03-31 15:54:05,222 INFO  [main] api.test.UserTest: -------Updating  User----------
2025-03-31 15:54:12,544 INFO  [main] api.test.UserTest: -------Updated  User----------
2025-03-31 15:54:12,544 INFO  [main] api.test.UserTest: -------Getting  User----------
2025-03-31 15:54:26,951 INFO  [main] api.test.UserTest: -------viwed  User----------
2025-03-31 15:54:26,962 INFO  [main] api.test.UserTest: -------Deleting   User----------
2025-03-31 15:54:34,915 INFO  [main] api.test.UserTest: -------Deleted  User----------
2025-03-31 15:57:52,096 INFO  [main] api.test.UserTest: -------Creating User----------
2025-03-31 15:58:01,208 INFO  [main] api.test.UserTest: -------Created user----------
2025-03-31 15:58:01,243 INFO  [main] api.test.UserTest: -------Getting User----------
2025-03-31 15:58:07,124 INFO  [main] api.test.UserTest: -------viewed User----------
2025-03-31 15:58:07,136 INFO  [main] api.test.UserTest: -------Updating  User----------
2025-03-31 15:58:14,367 INFO  [main] api.test.UserTest: -------Updated  User----------
2025-03-31 15:58:14,368 INFO  [main] api.test.UserTest: -------Getting  User----------
2025-03-31 15:58:48,151 INFO  [main] api.test.UserTest: -------viwed  User----------
2025-03-31 15:58:48,164 INFO  [main] api.test.UserTest: -------Deleting   User----------
2025-03-31 15:58:54,597 INFO  [main] api.test.UserTest: -------Deleted  User----------
2025-04-01 13:43:18,939 INFO  [main] api.test.UserTest: -------Creating User----------
2025-04-01 13:43:32,327 INFO  [main] api.test.UserTest: -------Created user----------
2025-04-01 13:43:32,368 INFO  [main] api.test.UserTest: -------Getting User----------
2025-04-01 13:43:46,256 INFO  [main] api.test.UserTest: -------viewed User----------
2025-04-01 13:43:46,282 INFO  [main] api.test.UserTest: -------Updating  User----------
2025-04-01 13:43:52,705 INFO  [main] api.test.UserTest: -------Updated  User----------
2025-04-01 13:43:52,706 INFO  [main] api.test.UserTest: -------Getting  User----------
2025-04-01 13:44:13,910 INFO  [main] api.test.UserTest: -------viwed  User----------
2025-04-01 13:44:13,935 INFO  [main] api.test.UserTest: -------Deleting   User----------
2025-04-01 13:44:20,860 INFO  [main] api.test.UserTest: -------Deleted  User----------
2025-04-01 13:46:32,781 INFO  [main] api.test.UserTest: -------Creating User----------
2025-04-01 13:46:41,250 INFO  [main] api.test.UserTest: -------Created user----------
2025-04-01 13:46:41,281 INFO  [main] api.test.UserTest: -------Getting User----------
2025-04-01 14:06:08,091 INFO  [main] api.test.UserTest: -------Creating User----------
2025-04-01 14:06:34,565 INFO  [main] api.test.UserTest: -------Created user----------
2025-04-01 14:06:34,598 INFO  [main] api.test.UserTest: -------Getting User----------
2025-04-01 14:06:41,801 INFO  [main] api.test.UserTest: -------viewed User----------
2025-04-01 14:06:41,823 INFO  [main] api.test.UserTest: -------Updating  User----------
2025-04-01 14:06:48,726 INFO  [main] api.test.UserTest: -------Updated  User----------
2025-04-01 14:06:48,726 INFO  [main] api.test.UserTest: -------Getting  User----------
2025-04-01 14:07:04,017 INFO  [main] api.test.UserTest: -------viwed  User----------
2025-04-01 14:07:04,033 INFO  [main] api.test.UserTest: -------Deleting   User----------
2025-04-01 14:07:10,457 INFO  [main] api.test.UserTest: -------Deleted  User----------
2025-04-01 14:10:04,187 INFO  [main] api.test.UserTest: -------Creating User----------
2025-04-01 14:10:13,670 INFO  [main] api.test.UserTest: -------Created user----------
2025-04-01 14:10:13,710 INFO  [main] api.test.UserTest: -------Getting User----------
2025-04-01 14:10:28,493 INFO  [main] api.test.UserTest: -------viewed User----------
2025-04-01 14:10:28,509 INFO  [main] api.test.UserTest: -------Updating  User----------
2025-04-01 14:10:34,534 INFO  [main] api.test.UserTest: -------Updated  User----------
2025-04-01 14:10:34,535 INFO  [main] api.test.UserTest: -------Getting  User----------
2025-04-01 14:10:40,214 INFO  [main] api.test.UserTest: -------viwed  User----------
2025-04-01 14:10:40,223 INFO  [main] api.test.UserTest: -------Deleting   User----------
2025-04-01 14:11:20,081 INFO  [main] api.test.UserTest: -------Deleted  User----------
2025-04-01 16:13:56,083 INFO  [main] api.test.UserTest2: -------Creating User----------
2025-04-01 16:14:04,563 INFO  [main] api.test.UserTest2: -------Created user----------
2025-04-01 16:14:04,594 INFO  [main] api.test.UserTest2: -------Getting User----------
2025-04-01 16:14:28,192 INFO  [main] api.test.UserTest2: -------Creating User----------
2025-04-01 16:14:38,333 INFO  [main] api.test.UserTest2: -------Created user----------
2025-04-01 16:14:38,373 INFO  [main] api.test.UserTest2: -------Getting User----------
2025-04-01 16:14:44,753 INFO  [main] api.test.UserTest2: -------viewed User----------
2025-04-01 16:14:44,769 INFO  [main] api.test.UserTest2: -------Updating  User----------
2025-04-01 16:14:51,241 INFO  [main] api.test.UserTest2: -------Updated  User----------
2025-04-01 16:14:51,242 INFO  [main] api.test.UserTest2: -------Getting  User----------
2025-04-01 16:14:56,770 INFO  [main] api.test.UserTest2: -------viwed  User----------
2025-04-01 16:14:56,777 INFO  [main] api.test.UserTest2: -------Deleting   User----------
2025-04-01 16:15:37,936 INFO  [main] api.test.UserTest2: -------Deleted  User----------
2025-04-02 15:06:44,791 INFO  [main] api.test.UserTest2: -------Creating User----------
2025-04-02 15:06:59,161 INFO  [main] api.test.UserTest2: -------Created user----------
2025-04-02 15:06:59,208 INFO  [main] api.test.UserTest2: -------Getting User----------
2025-04-02 15:07:11,692 INFO  [main] api.test.UserTest2: -------viewed User----------
2025-04-02 15:07:11,699 INFO  [main] api.test.UserTest2: -------Updating  User----------
2025-04-02 15:07:20,104 INFO  [main] api.test.UserTest2: -------Updated  User----------
2025-04-02 15:07:20,104 INFO  [main] api.test.UserTest2: -------Getting  User----------
2025-04-02 15:07:54,708 INFO  [main] api.test.UserTest2: -------viwed  User----------
2025-04-02 15:07:54,720 INFO  [main] api.test.UserTest2: -------Deleting   User----------
2025-04-02 15:08:01,829 INFO  [main] api.test.UserTest2: -------Deleted  User----------
2025-04-03 18:00:10,488 INFO  [main] api.test.UserTest2: -------Creating User----------
2025-04-03 18:00:29,130 INFO  [main] api.test.UserTest2: -------Created user----------
2025-04-03 18:00:29,161 INFO  [main] api.test.UserTest2: -------Getting User----------
2025-04-03 18:00:41,240 INFO  [main] api.test.UserTest2: -------viewed User----------
2025-04-03 18:00:41,240 INFO  [main] api.test.UserTest2: -------Updating  User----------
2025-04-03 18:00:59,430 INFO  [main] api.test.UserTest2: -------Updated  User----------
2025-04-03 18:00:59,430 INFO  [main] api.test.UserTest2: -------Getting  User----------
2025-04-03 18:02:03,491 INFO  [main] api.test.UserTest2: -------Deleting   User----------
2025-04-03 18:02:43,566 INFO  [awaitility-thread] org.apache.http.impl.client.DefaultHttpClient: I/O exception (java.net.SocketException) caught when connecting to {s}->https://petstore.swagger.io:443: Connection reset
2025-04-03 18:02:43,566 INFO  [awaitility-thread] org.apache.http.impl.client.DefaultHttpClient: Retrying connect to {s}->https://petstore.swagger.io:443
2025-04-03 18:08:08,737 INFO  [main] api.test.UserTest2: -------Creating User----------
2025-04-03 18:08:46,274 INFO  [main] api.test.UserTest2: -------Created user----------
2025-04-03 18:08:46,297 INFO  [main] api.test.UserTest2: -------Getting User----------
2025-04-03 18:13:15,604 INFO  [main] api.test.UserTest2: -------Creating User----------
2025-04-03 18:13:18,870 INFO  [main] api.test.UserTest2: -------Getting User----------
2025-04-03 18:14:19,611 INFO  [main] api.test.UserTest2: -------Updating  User----------
2025-04-03 18:15:20,347 INFO  [main] api.test.UserTest2: -------Deleting   User----------
2025-04-03 18:18:00,211 INFO  [main] api.test.UserTest2: -------Creating User----------
2025-04-03 18:18:04,073 INFO  [main] api.test.UserTest2: -------Getting User----------
2025-04-03 18:19:05,303 INFO  [main] api.test.UserTest2: -------Updating  User----------
2025-04-03 18:19:36,792 INFO  [main] api.test.UserTest2: -------Updated  User----------
2025-04-03 18:19:36,792 INFO  [main] api.test.UserTest2: -------Getting  User----------
2025-04-03 18:20:00,761 INFO  [main] api.test.UserTest2: -------viwed  User----------
2025-04-03 18:20:00,778 INFO  [main] api.test.UserTest2: -------Deleting   User----------
2025-04-03 18:20:15,850 INFO  [main] api.test.UserTest2: -------Deleted  User----------
2025-04-03 18:20:17,622 INFO  [main] api.test.UserTest2: -------Creating User----------
2025-04-03 18:20:30,433 INFO  [main] api.test.UserTest2: -------Created user----------
2025-04-03 18:20:30,464 INFO  [main] api.test.UserTest2: -------Getting User----------
2025-04-03 18:20:48,190 INFO  [main] api.test.UserTest2: -------viewed User----------
2025-04-03 18:20:48,206 INFO  [main] api.test.UserTest2: -------Updating  User----------
2025-04-03 18:20:54,797 INFO  [main] api.test.UserTest2: -------Updated  User----------
2025-04-03 18:20:54,797 INFO  [main] api.test.UserTest2: -------Getting  User----------
2025-04-03 18:21:03,095 INFO  [main] api.test.UserTest2: -------viwed  User----------
2025-04-03 18:21:03,096 INFO  [main] api.test.UserTest2: -------Deleting   User----------
2025-04-03 18:21:08,319 INFO  [main] api.test.UserTest2: -------Deleted  User----------
